<?xml version="1.0" encoding="UTF-8"?>
<testsuite xmlns:xsi="http://www.w3.org/2001/XMLSchema-instance" xsi:noNamespaceSchemaLocation="https://maven.apache.org/surefire/maven-surefire-plugin/xsd/surefire-test-report-3.0.xsd" version="3.0" name="com.luv2code.junitdemo.DemoUtilsTest" time="2.08" tests="10" errors="0" skipped="1" failures="0">
  <properties>
    <property name="sun.desktop" value="windows"/>
    <property name="awt.toolkit" value="sun.awt.windows.WToolkit"/>
    <property name="java.specification.version" value="11"/>
    <property name="sun.cpu.isalist" value="amd64"/>
    <property name="sun.jnu.encoding" value="Cp1252"/>
    <property name="java.class.path" value="D:\My work\2-Espace de travail\JAVA_Training\Unit_Test\project_unit_test\chapter.1\target\test-classes;D:\My work\2-Espace de travail\JAVA_Training\Unit_Test\project_unit_test\chapter.1\target\classes;C:\Users\Atef Jlassi\.m2\repository\org\junit\jupiter\junit-jupiter\5.10.0\junit-jupiter-5.10.0.jar;C:\Users\Atef Jlassi\.m2\repository\org\junit\jupiter\junit-jupiter-api\5.10.0\junit-jupiter-api-5.10.0.jar;C:\Users\Atef Jlassi\.m2\repository\org\opentest4j\opentest4j\1.3.0\opentest4j-1.3.0.jar;C:\Users\Atef Jlassi\.m2\repository\org\junit\platform\junit-platform-commons\1.10.0\junit-platform-commons-1.10.0.jar;C:\Users\Atef Jlassi\.m2\repository\org\apiguardian\apiguardian-api\1.1.2\apiguardian-api-1.1.2.jar;C:\Users\Atef Jlassi\.m2\repository\org\junit\jupiter\junit-jupiter-params\5.10.0\junit-jupiter-params-5.10.0.jar;C:\Users\Atef Jlassi\.m2\repository\org\junit\jupiter\junit-jupiter-engine\5.10.0\junit-jupiter-engine-5.10.0.jar;C:\Users\Atef Jlassi\.m2\repository\org\junit\platform\junit-platform-engine\1.10.0\junit-platform-engine-1.10.0.jar;"/>
    <property name="java.vm.vendor" value="GraalVM Community"/>
    <property name="sun.arch.data.model" value="64"/>
    <property name="user.variant" value=""/>
    <property name="java.vendor.url" value="https://www.graalvm.org/"/>
    <property name="user.timezone" value="Africa/Luanda"/>
    <property name="user.country.format" value="TN"/>
    <property name="java.vm.specification.version" value="11"/>
    <property name="os.name" value="Windows 11"/>
    <property name="sun.java.launcher" value="SUN_STANDARD"/>
    <property name="user.country" value="FR"/>
    <property name="sun.boot.library.path" value="C:\Program Files\Java\graalvm-ce-java11-22.3.0\bin"/>
    <property name="sun.java.command" value="C:\Users\Atef Jlassi\AppData\Local\Temp\surefire10661505641610721799\surefirebooter11763918263709019825.jar C:\Users\Atef Jlassi\AppData\Local\Temp\surefire10661505641610721799 2023-10-03T14-41-40_885-jvmRun1 surefire13200288995750505016tmp surefire_011040613975610607803tmp"/>
    <property name="jdk.debug" value="release"/>
    <property name="surefire.test.class.path" value="D:\My work\2-Espace de travail\JAVA_Training\Unit_Test\project_unit_test\chapter.1\target\test-classes;D:\My work\2-Espace de travail\JAVA_Training\Unit_Test\project_unit_test\chapter.1\target\classes;C:\Users\Atef Jlassi\.m2\repository\org\junit\jupiter\junit-jupiter\5.10.0\junit-jupiter-5.10.0.jar;C:\Users\Atef Jlassi\.m2\repository\org\junit\jupiter\junit-jupiter-api\5.10.0\junit-jupiter-api-5.10.0.jar;C:\Users\Atef Jlassi\.m2\repository\org\opentest4j\opentest4j\1.3.0\opentest4j-1.3.0.jar;C:\Users\Atef Jlassi\.m2\repository\org\junit\platform\junit-platform-commons\1.10.0\junit-platform-commons-1.10.0.jar;C:\Users\Atef Jlassi\.m2\repository\org\apiguardian\apiguardian-api\1.1.2\apiguardian-api-1.1.2.jar;C:\Users\Atef Jlassi\.m2\repository\org\junit\jupiter\junit-jupiter-params\5.10.0\junit-jupiter-params-5.10.0.jar;C:\Users\Atef Jlassi\.m2\repository\org\junit\jupiter\junit-jupiter-engine\5.10.0\junit-jupiter-engine-5.10.0.jar;C:\Users\Atef Jlassi\.m2\repository\org\junit\platform\junit-platform-engine\1.10.0\junit-platform-engine-1.10.0.jar;"/>
    <property name="sun.cpu.endian" value="little"/>
    <property name="user.home" value="C:\Users\Atef Jlassi"/>
    <property name="user.language" value="fr"/>
    <property name="java.specification.vendor" value="Oracle Corporation"/>
    <property name="java.version.date" value="2022-10-18"/>
    <property name="java.home" value="C:\Program Files\Java\graalvm-ce-java11-22.3.0"/>
    <property name="file.separator" value="\"/>
    <property name="basedir" value="D:\My work\2-Espace de travail\JAVA_Training\Unit_Test\project_unit_test\chapter.1"/>
    <property name="java.vm.compressedOopsMode" value="Zero based"/>
    <property name="line.separator" value="&#10;"/>
    <property name="jdk.internal.vm.ci.enabled" value="true"/>
    <property name="java.specification.name" value="Java Platform API Specification"/>
    <property name="java.vm.specification.vendor" value="Oracle Corporation"/>
    <property name="java.awt.graphicsenv" value="sun.awt.Win32GraphicsEnvironment"/>
    <property name="surefire.real.class.path" value="C:\Users\Atef Jlassi\AppData\Local\Temp\surefire10661505641610721799\surefirebooter11763918263709019825.jar"/>
    <property name="user.script" value=""/>
    <property name="sun.management.compiler" value="HotSpot 64-Bit Tiered Compilers"/>
    <property name="java.runtime.version" value="11.0.17+8-jvmci-22.3-b08"/>
    <property name="user.name" value="Atef Jlassi"/>
    <property name="path.separator" value=";"/>
    <property name="os.version" value="10.0"/>
    <property name="java.runtime.name" value="OpenJDK Runtime Environment"/>
    <property name="file.encoding" value="Cp1252"/>
    <property name="java.vm.name" value="OpenJDK 64-Bit Server VM"/>
    <property name="java.vendor.version" value="GraalVM CE 22.3.0"/>
    <property name="localRepository" value="C:\Users\Atef Jlassi\.m2\repository"/>
    <property name="java.vendor.url.bug" value="https://github.com/oracle/graal/issues"/>
    <property name="java.io.tmpdir" value="C:\Users\ATEFJL~1\AppData\Local\Temp\"/>
    <property name="java.version" value="11.0.17"/>
    <property name="user.dir" value="D:\My work\2-Espace de travail\JAVA_Training\Unit_Test\project_unit_test\chapter.1"/>
    <property name="os.arch" value="amd64"/>
    <property name="java.vm.specification.name" value="Java Virtual Machine Specification"/>
    <property name="java.awt.printerjob" value="sun.awt.windows.WPrinterJob"/>
    <property name="sun.os.patch.level" value=""/>
    <property name="java.library.path" value="C:\Program Files\Java\graalvm-ce-java11-22.3.0\bin;C:\WINDOWS\Sun\Java\bin;C:\WINDOWS\system32;C:\WINDOWS;C:\Program Files\Git\mingw64\bin;C:\Program Files\Git\usr\bin;C:\Users\Atef Jlassi\bin;C:\Program Files (x86)\Microsoft Visual Studio\2017\BuildTools\VC\Tools\MSVC\14.16.27023\bin\Hostx64\x64;C:\Program Files\Java\graalvm-ce-java11-22.3.0\bin;C:\Program Files\Java\jdk-11.0.15\bin;C:\ProgramData\chocolatey\lib\maven\apache-maven-3.8.1\bin\bin;C:\Program Files (x86)\Common Files\Oracle\Java\javapath;C:\Program Files\Common Files\Oracle\Java\javapath;C:\windows\system32;C:\windows;C:\windows\System32\Wbem;C:\windows\System32\WindowsPowerShell\v1.0;C:\windows\System32\OpenSSH;C:\Program Files (x86)\NVIDIA Corporation\PhysX\Common;C:\Program Files\NVIDIA Corporation\NVIDIA NvDLISR;C:\WINDOWS\system32;C:\WINDOWS;C:\WINDOWS\System32\Wbem;C:\WINDOWS\System32\WindowsPowerShell\v1.0;C:\WINDOWS\System32\OpenSSH;C:\Program Files\Git\cmd;C:\Program Files\Java\jdk1.8.0_333\bin;C:\Program Files\Docker\Docker\resources\bin;C:\ProgramData\DockerDesktop\version-bin;C:\ProgramData\chocolatey\bin;%M2_HOME%\bin;C:\P;C:\Program Files (x86)\Microsoft Visual Studio\2017\BuildTools\VC\Tools\MSVC\14.16.27023\bin\Hostx64\x64\cl.exe;C:\Program Files\Microsoft SQL Server\160\Tools\Binn;C:\Program Files (x86)\Microsoft Visual Studio\2017\BuildTools\VC\Tools\MSVC\14.16.27023\bin\Hostx64\x64;C:\Program Files (x86)\Microsoft Visual Studio\2017\BuildTools\VC\Tools\MSVC\14.16.27023\bin\Hostx64\x64\cl.exe;C:\Program Files\Java\graalvm-ce-java11-22.3.0\bin;C:\Program Files\MySQL\MySQL Shell 8.0\bin;C:\Users\Atef Jlassi\AppData\Local\Microsoft\WindowsApps;C:\ProgramData\chocolatey\lib\maven\apache-maven-3.8.1\bin;C:\Program Files\Java\jdk1.8.0_333\bin;C:\Program Files\Java\jdk1.8.0_333;C:\Users\Atef Jlassi\AppData\Local\Programs\Microsoft VS Code\bin;C:\Users\Atef Jlassi\AppData\Local\Programs\Azure Data Studio\bin;C:\Users\Atef Jlassi\Documents\apache-maven-3.8.5\bin;C:\Apache24\bin;."/>
    <property name="java.vm.info" value="mixed mode, sharing"/>
    <property name="java.vendor" value="GraalVM Community"/>
    <property name="java.vm.version" value="11.0.17+8-jvmci-22.3-b08"/>
    <property name="sun.io.unicode.encoding" value="UnicodeLittle"/>
    <property name="java.class.version" value="55.0"/>
  </properties>
  <testcase name="testCheckNullAndNotNull" classname="com.luv2code.junitdemo.DemoUtilsTest" time="0.007">
    <system-out><![CDATA[@BeforeAll executes only once befre all test methods execution in the class

@BeforeEach executes before the execution of each test method
Running test: testCheckNullAndNotNull
@AfterEach executes after the execution of each test method

]]></system-out>
  </testcase>
  <testcase name="testTimeout" classname="com.luv2code.junitdemo.DemoUtilsTest" time="2.015">
    <system-out><![CDATA[@BeforeEach executes before the execution of each test method
I am going to sleep
Sleeping over
@AfterEach executes after the execution of each test method

]]></system-out>
  </testcase>
  <testcase name="testSameAndNotSame" classname="com.luv2code.junitdemo.DemoUtilsTest" time="0.008">
    <system-out><![CDATA[@BeforeEach executes before the execution of each test method
@AfterEach executes after the execution of each test method

]]></system-out>
  </testcase>
  <testcase name="**** test equality of add() method ****" classname="com.luv2code.junitdemo.DemoUtilsTest" time="0.009">
    <system-out><![CDATA[@BeforeEach executes before the execution of each test method
Running test: testAddEqualsAndNotEquals
@AfterEach executes after the execution of each test method

]]></system-out>
  </testcase>
  <testcase name="testArrayEquals" classname="com.luv2code.junitdemo.DemoUtilsTest" time="0.007">
    <system-out><![CDATA[@BeforeEach executes before the execution of each test method
@AfterEach executes after the execution of each test method

]]></system-out>
  </testcase>
  <testcase name="testLinesMatch" classname="com.luv2code.junitdemo.DemoUtilsTest" time="0.009">
    <system-out><![CDATA[@BeforeEach executes before the execution of each test method
@AfterEach executes after the execution of each test method

]]></system-out>
  </testcase>
  <testcase name="testThrowAndNotThrow" classname="com.luv2code.junitdemo.DemoUtilsTest" time="0.003">
    <system-out><![CDATA[@BeforeEach executes before the execution of each test method
@AfterEach executes after the execution of each test method

]]></system-out>
  </testcase>
  <testcase name="testIterableEquals" classname="com.luv2code.junitdemo.DemoUtilsTest" time="0.004">
    <system-out><![CDATA[@BeforeEach executes before the execution of each test method
@AfterEach executes after the execution of each test method

]]></system-out>
  </testcase>
  <testcase name="testMultiply" classname="com.luv2code.junitdemo.DemoUtilsTest" time="0">
    <skipped message="Don&apos;t run this test until fix bug"/>
  </testcase>
  <testcase name="testIsGreaterThan" classname="com.luv2code.junitdemo.DemoUtilsTest" time="0.002">
    <system-out><![CDATA[@BeforeEach executes before the execution of each test method
@AfterEach executes after the execution of each test method

]]></system-out>
  </testcase>
</testsuite>